<?xml version="1.0" encoding="UTF-8"?>
<testsuite name="com.gradle.Discord4J.Discord4JTest" tests="4" skipped="0" failures="0" errors="0" timestamp="2021-11-07T10:34:54" hostname="sugaryeoni" time="0.024">
  <properties/>
  <testcase name="FizzBuzzThreeNumbers()" classname="com.gradle.Discord4J.Discord4JTest" time="0.021"/>
  <testcase name="FizzBuzzFiveNumbers()" classname="com.gradle.Discord4J.Discord4JTest" time="0.001"/>
  <testcase name="FizzBuzzNormalNumbers()" classname="com.gradle.Discord4J.Discord4JTest" time="0.001"/>
  <testcase name="FizzBuzzThreeAndFiveNumbers()" classname="com.gradle.Discord4J.Discord4JTest" time="0.0"/>
  <system-out><![CDATA[]]></system-out>
  <system-err><![CDATA[]]></system-err>
</testsuite>
